<?xml version="1.0" encoding="UTF-8"?>
<!-- Generated by org.testng.reporters.JUnitReportReporter -->
<testsuite skipped="1" hostname="DESKTOP-CRRK2I4" name="saravana.NewTest" tests="2" failures="0" timestamp="2020-04-23T08:31:19 IST" time="0.567" errors="1">
  <testcase name="beforeSuite" time="0.567" classname="saravana.NewTest">
    <error type="java.lang.AbstractMethodError" message="org.openqa.selenium.chrome.ChromeOptions.is(Ljava/lang/String;)Z">
      <![CDATA[java.lang.AbstractMethodError: org.openqa.selenium.chrome.ChromeOptions.is(Ljava/lang/String;)Z
at org.openqa.selenium.remote.RemoteWebDriver.init(RemoteWebDriver.java:164)
at org.openqa.selenium.remote.RemoteWebDriver.<init>(RemoteWebDriver.java:124)
at org.openqa.selenium.chrome.ChromeDriver.<init>(ChromeDriver.java:181)
at org.openqa.selenium.chrome.ChromeDriver.<init>(ChromeDriver.java:168)
at org.openqa.selenium.chrome.ChromeDriver.<init>(ChromeDriver.java:123)
at saravana.NewTest.beforeSuite(NewTest.java:64)
at sun.reflect.NativeMethodAccessorImpl.invoke0(Native Method)
at sun.reflect.NativeMethodAccessorImpl.invoke(Unknown Source)
at sun.reflect.DelegatingMethodAccessorImpl.invoke(Unknown Source)
at java.lang.reflect.Method.invoke(Unknown Source)
at org.testng.internal.MethodInvocationHelper.invokeMethod(MethodInvocationHelper.java:133)
at org.testng.internal.MethodInvocationHelper.invokeMethodConsideringTimeout(MethodInvocationHelper.java:62)
at org.testng.internal.ConfigInvoker.invokeConfigurationMethod(ConfigInvoker.java:340)
at org.testng.internal.ConfigInvoker.invokeConfigurations(ConfigInvoker.java:294)
at org.testng.SuiteRunner.privateRun(SuiteRunner.java:345)
at org.testng.SuiteRunner.run(SuiteRunner.java:304)
at org.testng.SuiteRunnerWorker.runSuite(SuiteRunnerWorker.java:53)
at org.testng.SuiteRunnerWorker.run(SuiteRunnerWorker.java:96)
at org.testng.TestNG.runSuitesSequentially(TestNG.java:1180)
at org.testng.TestNG.runSuitesLocally(TestNG.java:1102)
at org.testng.TestNG.runSuites(TestNG.java:1032)
at org.testng.TestNG.run(TestNG.java:1000)
at org.testng.remote.AbstractRemoteTestNG.run(AbstractRemoteTestNG.java:115)
at org.testng.remote.RemoteTestNG.initAndRun(RemoteTestNG.java:251)
at org.testng.remote.RemoteTestNG.main(RemoteTestNG.java:77)
]]>
    </error>
  </testcase> <!-- beforeSuite -->
  <testcase name="f" time="0.000" classname="saravana.NewTest">
    <skipped/>
  </testcase> <!-- f -->
</testsuite> <!-- saravana.NewTest -->
